C51 COMPILER V9.57.0.0   BOARD                                                             01/17/2023 14:38:51 PAGE 1   


C51 COMPILER V9.57.0.0, COMPILATION OF MODULE BOARD
OBJECT MODULE PLACED IN .\Objects\board.obj
COMPILER INVOKED BY: C:\Keil_v5\C51\BIN\C51.EXE ..\..\Libraries\libraries\board.c OPTIMIZE(8,SPEED) BROWSE INCDIR(..\..\
                    -Libraries\libraries;..\USER\inc;..\CODE) DEBUG OBJECTEXTEND PRINT(.\Listings\board.lst) TABS(2) OBJECT(.\Objects\board.o
                    -bj)

line level    source

   1          #include "board.h"
   2          
   3          int32 sys_clk = 0;
   4          
   5          
   6          
   7          
   8          void board_init(void){
   9   1        AUXR = 0;
  10   1        SCON = 0;
  11   1        TMOD = 0;
  12   1        DisableGlobalIRQ();
  13   1      }
  14          
  15          
  16          
  17          //--------------------------------------------------------------------------------------------------------
             ------------
  18          //  @brief      失能外部中断
  19          //  @param      NULL            
  20          //  @return     NULL          
  21          //  Sample usage:               
  22          //--------------------------------------------------------------------------------------------------------
             ------------
  23          void DisableGlobalIRQ(void)
  24          {
  25   1        EA = 0;
  26   1      }
  27          
  28          //--------------------------------------------------------------------------------------------------------
             ------------
  29          //  @brief      使能外部中断
  30          //  @param      NULL            
  31          //  @return     NULL          
  32          //  Sample usage:               
  33          //--------------------------------------------------------------------------------------------------------
             ------------
  34          void EnableGlobalIRQ(void)
  35          {
  36   1        EA = 1;
  37   1      }
  38          


MODULE INFORMATION:   STATIC OVERLAYABLE
   CODE SIZE        =     16    ----
   CONSTANT SIZE    =   ----    ----
   XDATA SIZE       =   ----    ----
   PDATA SIZE       =   ----    ----
   DATA SIZE        =      4    ----
   IDATA SIZE       =   ----    ----
   BIT SIZE         =   ----    ----
END OF MODULE INFORMATION.

C51 COMPILER V9.57.0.0   BOARD                                                             01/17/2023 14:38:51 PAGE 2   


C51 COMPILATION COMPLETE.  0 WARNING(S),  0 ERROR(S)
