C51 COMPILER V9.57.0.0   COMMON                                                            01/17/2023 14:21:25 PAGE 1   


C51 COMPILER V9.57.0.0, COMPILATION OF MODULE COMMON
OBJECT MODULE PLACED IN .\Objects\common.obj
COMPILER INVOKED BY: C:\Keil_v5\C51\BIN\C51.EXE ..\..\Libraries\libraries\common.c OPTIMIZE(8,SPEED) BROWSE INCDIR(..\..
                    -\Libraries\libraries;..\USER\inc;..\CODE) DEBUG OBJECTEXTEND PRINT(.\Listings\common.lst) TABS(2) OBJECT(.\Objects\commo
                    -n.obj)

line level    source

   1          #include "common.h"
   2          
   3          
   4          


MODULE INFORMATION:   STATIC OVERLAYABLE
   CODE SIZE        =   ----    ----
   CONSTANT SIZE    =   ----    ----
   XDATA SIZE       =   ----    ----
   PDATA SIZE       =   ----    ----
   DATA SIZE        =   ----    ----
   IDATA SIZE       =   ----    ----
   BIT SIZE         =   ----    ----
END OF MODULE INFORMATION.


C51 COMPILATION COMPLETE.  0 WARNING(S),  0 ERROR(S)
