C51 COMPILER V9.57.0.0   DYDIGITUBE                                                        01/22/2023 13:37:33 PAGE 1   


C51 COMPILER V9.57.0.0, COMPILATION OF MODULE DYDIGITUBE
OBJECT MODULE PLACED IN .\Objects\DyDigiTube.obj
COMPILER INVOKED BY: C:\Keil_v5\C51\BIN\C51.EXE ..\CODE\DyDigiTube.c OPTIMIZE(8,SPEED) BROWSE INCDIR(..\..\Libraries\lib
                    -raries;..\USER\inc;..\CODE;..\..\Libraries\zxy_libraries) DEBUG OBJECTEXTEND PRINT(.\Listings\DyDigiTube.lst) TABS(2) OB
                    -JECT(.\Objects\DyDigiTube.obj)

line level    source

   1          #include "DyDigiTube.h"
   2          
   3          sbit LSA=P2^2;
   4          sbit LSB=P2^3;
   5          sbit LSC=P2^4;
   6          
   7          // 共阴极数码管
   8          static const uint8 DISPLAY[13] = {
   9              0x3F,0x06,0x5B,0x4F,0x66,   // 0 ~ 4
  10              0x6D,0x7D,0x07,0x7F,0x6F,   // 5 ~ 9
  11              0x77,0x73,                  // A -> *, P -> #
  12              0x40, };                    // -
  13          
  14          uint8 DyDigiTube_4x2_init(DyDigiTube_4x2 *const THIS){
  15   1          uint8 i = 0x00;
  16   1          THIS->enable = 1;
  17   1          THIS->_full  = 0;
  18   1          // memset(THIS->display, sizeof(Display)*8, DDT_minus);
  19   1          for (i = 0; i < 8; i++){
  20   2              THIS->display[i] = DDT_minus;
  21   2          }
  22   1          
  23   1          return 0;
  24   1      }
  25          
  26          void Delay1ms()   //@12.000MHz
  27          {
  28   1        unsigned char i, j;
  29   1      
  30   1        i = 2;
  31   1        j = 239;
  32   1        do
  33   1        {
  34   2          while (--j);
  35   2        } while (--i);
  36   1      }
  37          
  38          void DyDigiTube_4x2_PutNum(DyDigiTube_4x2 *const THIS) {
  39   1          uint8 i = 0x00;
  40   1          for(i = 0x00; i < 0x08; i++){
  41   2              LSA = i & 0x01;
  42   2              LSB = i & 0x02;
  43   2              LSC = i & 0x04;
  44   2              DDT_DP_PORT = DISPLAY[THIS->display[i]];
  45   2              Delay1ms();
  46   2              DDT_DP_PORT = 0x00;
  47   2          }
  48   1          
  49   1      }
  50          
  51          void DyDigiTube_4x2_push(DyDigiTube_4x2 *const THIS, Display num){
  52   1          vuint8 i = 0x00;
  53   1          if(THIS->_full) return ;
C51 COMPILER V9.57.0.0   DYDIGITUBE                                                        01/22/2023 13:37:33 PAGE 2   

  54   1          for(; i < 0x08; i++){
  55   2              if(THIS->display[i] == DDT_minus){
  56   3                  THIS->display[i] = num;
  57   3                  break;
  58   3              }
  59   2          }
  60   1          if (i == 0x08){
  61   2              THIS->_full = 1;
  62   2          }
  63   1          return ;
  64   1      }
  65          
  66          


MODULE INFORMATION:   STATIC OVERLAYABLE
   CODE SIZE        =    188    ----
   CONSTANT SIZE    =   ----    ----
   XDATA SIZE       =   ----    ----
   PDATA SIZE       =   ----    ----
   DATA SIZE        =     13      10
   IDATA SIZE       =   ----    ----
   BIT SIZE         =   ----    ----
END OF MODULE INFORMATION.


C51 COMPILATION COMPLETE.  0 WARNING(S),  0 ERROR(S)
