C51 COMPILER V9.57.0.0   FSM                                                               01/22/2023 13:37:33 PAGE 1   


C51 COMPILER V9.57.0.0, COMPILATION OF MODULE FSM
OBJECT MODULE PLACED IN .\Objects\FSM.obj
COMPILER INVOKED BY: C:\Keil_v5\C51\BIN\C51.EXE ..\CODE\FSM.c OPTIMIZE(8,SPEED) BROWSE INCDIR(..\..\Libraries\libraries;
                    -..\USER\inc;..\CODE;..\..\Libraries\zxy_libraries) DEBUG OBJECTEXTEND PRINT(.\Listings\FSM.lst) TABS(2) OBJECT(.\Objects
                    -\FSM.obj)

line level    source

   1          #include "FSM.h"
   2          
   3          Timer CoolDown;
   4          
   5          void FSM_init(uint32 time){
   6   1          Timer_init(&CoolDown, time);
   7   1      }
   8          
   9          void FSM_service(DyDigiTube_4x2 *const THIS, KeyBoard_4x4 *const KeyBoard){
  10   1          KeyBoard_4x4_scan(KeyBoard);
  11   1          _nop_();_nop_();_nop_();_nop_();
  12   1          _nop_();_nop_();_nop_();_nop_();
  13   1          
  14   1          if (Timer_judge(&CoolDown))
  15   1          {
  16   2              switch (KeyBoard->button_na)
  17   2              {
  18   3              case zero:  DyDigiTube_4x2_push(THIS, DDT_zero);    break;
  19   3              case one:   DyDigiTube_4x2_push(THIS, DDT_one);     break;
  20   3              case two:   DyDigiTube_4x2_push(THIS, DDT_two);     break;
  21   3              case three: DyDigiTube_4x2_push(THIS, DDT_three);   break;
  22   3              case four:  DyDigiTube_4x2_push(THIS, DDT_four);    break;
  23   3              case five:  DyDigiTube_4x2_push(THIS, DDT_five);    break;
  24   3              case six:   DyDigiTube_4x2_push(THIS, DDT_six);     break;
  25   3              case seven: DyDigiTube_4x2_push(THIS, DDT_seven);   break;
  26   3              case eight: DyDigiTube_4x2_push(THIS, DDT_eight);   break;
  27   3              case nine:  DyDigiTube_4x2_push(THIS, DDT_nine);    break;
  28   3              default:
  29   3                  break;
  30   3              }
  31   2          }
  32   1          
  33   1          
  34   1      }


MODULE INFORMATION:   STATIC OVERLAYABLE
   CODE SIZE        =    206    ----
   CONSTANT SIZE    =   ----    ----
   XDATA SIZE       =   ----    ----
   PDATA SIZE       =   ----    ----
   DATA SIZE        =     10       6
   IDATA SIZE       =   ----    ----
   BIT SIZE         =   ----    ----
END OF MODULE INFORMATION.


C51 COMPILATION COMPLETE.  0 WARNING(S),  0 ERROR(S)
