C51 COMPILER V9.57.0.0   FSM_ACTIONS                                                       02/10/2023 17:11:53 PAGE 1   


C51 COMPILER V9.57.0.0, COMPILATION OF MODULE FSM_ACTIONS
OBJECT MODULE PLACED IN .\Objects\FSM_actions.obj
COMPILER INVOKED BY: C:\Keil_v5\C51\BIN\C51.EXE ..\CODE\FSM_actions.c OPTIMIZE(8,SPEED) BROWSE INCDIR(..\..\Libraries\li
                    -braries;..\USER\inc;..\CODE;..\..\Libraries\zxy_libraries) DEBUG OBJECTEXTEND PRINT(.\Listings\FSM_actions.lst) TABS(2) 
                    -OBJECT(.\Objects\FSM_actions.obj)

line level    source

   1          #include "FSM.h"
   2          
   3          
   4          FSM_ACTIONS code FSM_actions[FSM_CAP_OF_ACTIONS] = {
   5              {Enter_number,  _FSM_act_Enter_init, _FSM_act_Enter_loop},
   6              {Dail_wait,     _FSM_act_DailW_init, _FSM_act_DailW_loop},
   7              {Put_through,   _FSM_act_PutTh_init, _FSM_act_PutTh_loop},
   8              {Redail_wait,   _FSM_act_RedaW_init, _FSM_act_RedaW_loop},
   9          };
  10          
  11          
  12          
  13          /***
  14           * @brief   å·ç è¾“å…¥æ¨¡å¼åˆå§‹åŒ–
  15           * @date    2023-02-10
  16          */
  17          void _FSM_act_Enter_init() {
  18   1          printf("ç°åœ¨å¯ä»¥è¾“å…¥å·ç :\r\n");
  19   1          return ;
  20   1      }
  21          
  22          /***
  23           * @brief  å·ç è¾“å…¥æ¨¡å¼è¡Œä¸º 
  24           * @date    2023-02-10
  25          */
  26          void _FSM_act_Enter_loop() {
  27   1          if (Timer_judge(&keyboard_CoolDown)) {
  28   2              switch (key_board.button_na) {
  29   3                  case zero:  DyDigiTube_4x2_push(&dy_digital_tube, DDT_zero);    break;
  30   3                  case one:   DyDigiTube_4x2_push(&dy_digital_tube, DDT_one);     break;
  31   3                  case two:   DyDigiTube_4x2_push(&dy_digital_tube, DDT_two);     break;
  32   3                  case three: DyDigiTube_4x2_push(&dy_digital_tube, DDT_three);   break;
  33   3                  case four:  DyDigiTube_4x2_push(&dy_digital_tube, DDT_four);    break;
  34   3                  case five:  DyDigiTube_4x2_push(&dy_digital_tube, DDT_five);    break;
  35   3                  case six:   DyDigiTube_4x2_push(&dy_digital_tube, DDT_six);     break;
  36   3                  case seven: DyDigiTube_4x2_push(&dy_digital_tube, DDT_seven);   break;
  37   3                  case eight: DyDigiTube_4x2_push(&dy_digital_tube, DDT_eight);   break;
  38   3                  case nine:  DyDigiTube_4x2_push(&dy_digital_tube, DDT_nine);    break;
  39   3      
  40   3                  case Backspace: DyDigiTube_4x2_popb(&dy_digital_tube);          break;
  41   3      
  42   3                  case Hang:  DyDigiTube_4x2_Hang(&dy_digital_tube);              break;
  43   3                  case Redial:DyDigiTube_4x2_Redail(&dy_digital_tube);            break;
  44   3                  default:
  45   3                      break;
  46   3              }
  47   2          }
  48   1          return ;
  49   1       
  50   1      }
  51          
  52          /***
  53           * @brief   ç­‰å¾…æ¥é€šæ¨¡å¼åˆå§‹åŒ–
C51 COMPILER V9.57.0.0   FSM_ACTIONS                                                       02/10/2023 17:11:53 PAGE 2   

  54           * @date    2023-02-10
  55          */
  56          void _FSM_act_DailW_init() {
  57   1          Timer_reset(&Dail_Wait_time);
  58   1          printf("ç­‰å¾…å¯¹æ–¹æ¥å—...\r\n");
  59   1          return ;
  60   1      }
  61          
  62          /***
  63           * @brief   ç­‰å¾…æ¥é€šæ¨¡å¼è¡Œä¸º
  64           * @date    2023-02-10
  65          */
  66          void _FSM_act_DailW_loop() {
  67   1          return ;
  68   1      }
  69          
  70          /***
  71           * @brief   æ­£åœ¨é€šè¯æ¨¡å¼åˆå§‹åŒ–
  72           * @date    2023-02-10
  73          */
  74          void _FSM_act_PutTh_init() {
  75   1          printf("æ¥é€šæˆåŠŸ, æ­£åœ¨é€šè¯!\r\n");
  76   1          return ;
  77   1      }
  78          
  79          /***
  80           * @brief   æ­£åœ¨é€šè¯æ¨¡å¼è¡Œä¸º
  81           * @date    2023-02-10
  82          */
  83          void _FSM_act_PutTh_loop() {
  84   1          return ;
  85   1      }
  86          
  87          /***
  88           * @brief   ç­‰å¾…é‡æ‹¨æ¨¡å¼åˆå§‹åŒ–
  89           * @date    2023-02-10
  90          */
  91          void _FSM_act_RedaW_init()
  92          {
  93   1          Timer_reset(&Redail_Cool_down);
  94   1          printf("æ¥é€šå¤±è´¥, å°†åœ¨ 1 åˆ†é’Ÿåå°è¯•é‡æ‹¨.\r\næŒ‰æŒ‚æ–­é”®å–æ¶ˆé‡æ‹¨è®¡åˆ’. æŒ‰é‡æ‹¨é”®ç
             -«‹å³é‡æ‹¨.\r\n");
  95   1      }
  96          
  97          /***
  98           * @brief   ç­‰å¾…é‡æ‹¨æ¨¡å¼è¡Œä¸º
  99           * @date    2023-02-10
 100          */
 101          void _FSM_act_RedaW_loop()
 102          {
 103   1          if (Timer_judge(&Redail_Cool_down)) 
 104   1          {
 105   2              DyDigiTube_4x2_Redail(&dy_digital_tube);
 106   2          }
 107   1      }
 108          
 109          
 110          
 111          


MODULE INFORMATION:   STATIC OVERLAYABLE
C51 COMPILER V9.57.0.0   FSM_ACTIONS                                                       02/10/2023 17:11:53 PAGE 3   

   CODE SIZE        =    287    ----
   CONSTANT SIZE    =    217    ----
   XDATA SIZE       =   ----    ----
   PDATA SIZE       =   ----    ----
   DATA SIZE        =   ----    ----
   IDATA SIZE       =   ----    ----
   BIT SIZE         =   ----    ----
END OF MODULE INFORMATION.


C51 COMPILATION COMPLETE.  0 WARNING(S),  0 ERROR(S)
