C51 COMPILER V9.57.0.0   FSM_TRANSITION                                                    02/10/2023 17:11:54 PAGE 1   


C51 COMPILER V9.57.0.0, COMPILATION OF MODULE FSM_TRANSITION
OBJECT MODULE PLACED IN .\Objects\FSM_transition.obj
COMPILER INVOKED BY: C:\Keil_v5\C51\BIN\C51.EXE ..\CODE\FSM_transition.c OPTIMIZE(8,SPEED) BROWSE INCDIR(..\..\Libraries
                    -\libraries;..\USER\inc;..\CODE;..\..\Libraries\zxy_libraries) DEBUG OBJECTEXTEND PRINT(.\Listings\FSM_transition.lst) TA
                    -BS(2) OBJECT(.\Objects\FSM_transition.obj)

line level    source

   1          #include "FSM.h"
   2          
   3          Timer Redail_Cool_down;
   4          Timer Dail_Wait_time;
   5          
   6          FSM_TRANSITION code FSM_transition[FSM_CAP_OF_TRANSITION] = {
   7              {Enter_number,  _FSM_tra_Enter_DailW, Dail_wait     },
   8              {Dail_wait,     _FSM_tra_DailW_PutTh, Put_through   },
   9              {Dail_wait,     _FSM_tra_DailW_Enter, Enter_number  },
  10              {Dail_wait,     _FSM_tra_DailW_RedaW, Redail_wait   },
  11              {Put_through,   _FSM_tra_PutTh_Enter, Enter_number  },
  12              {Redail_wait,   _FSM_tra_RedaW_Enter, Enter_number  },
  13              {Redail_wait,   _FSM_tra_RedaW_PutTh, Put_through   },
  14              {Redail_wait,   _FSM_tra_RedaW_DailW, Dail_wait     },
  15          };
  16          
  17          /***
  18           * @brief   号码输入 转 等待接通
  19           * @date    2023-02-10
  20          */
  21          uint8 _FSM_tra_Enter_DailW() {
  22   1          if (key_board.button_na == Dail) {
  23   2              if (dy_digital_tube._full == 1) {
  24   3                  DyDigiTube_4x2_Dail(&dy_digital_tube);
  25   3                  return 1;
  26   3              }   
  27   2          }
  28   1          return 0;
  29   1      }
  30          
  31          /***
  32           * @brief   等待接通 转 正在通话
  33           * @date    2023-02-10
  34          */
  35          uint8 _FSM_tra_DailW_PutTh() {
  36   1          if (uart_receive == 0x01) { // Put_Through
  37   2              uart_receive = 0xFF;
  38   2              return 1;
  39   2          }
  40   1          return 0;
  41   1      }
  42          
  43          /***
  44           * @brief   等待接通 转 号码输入
  45           * @date    2023-02-10
  46          */
  47          uint8 _FSM_tra_DailW_Enter() {
  48   1          if (key_board.button_na == Hang) {
  49   2              printf("你挂断电话.\r\n");
  50   2              DyDigiTube_4x2_Hang(&dy_digital_tube);
  51   2              return 1;
  52   2          }
  53   1          return 0;
C51 COMPILER V9.57.0.0   FSM_TRANSITION                                                    02/10/2023 17:11:54 PAGE 2   

  54   1      }
  55          
  56          /***
  57           * @brief   正在通话 转 号码输入
  58           * @date    2023-02-10
  59          */
  60          uint8 _FSM_tra_PutTh_Enter() {
  61   1          if (uart_receive == 0x00) {
  62   2              printf("对方已挂断.\r\n");
  63   2              DyDigiTube_4x2_Hang(&dy_digital_tube);
  64   2              return 1;
  65   2          }
  66   1          else if (key_board.button_na == Hang) {
  67   2              printf("你已经挂断.\r\n");
  68   2              DyDigiTube_4x2_Hang(&dy_digital_tube);
  69   2              return 1;
  70   2          }
  71   1      
  72   1          return 0;
  73   1      }
  74          
  75          
  76          /***
  77           * @brief   等待接通 转 等待重拨
  78           * @date    2023-02-10
  79          */
  80          uint8 _FSM_tra_DailW_RedaW() 
  81          {
  82   1          if (uart_receive == 0x00) {
  83   2              printf("被对方拒绝!\r\n");
  84   2              uart_receive = 0xFF;
  85   2              return 1;
  86   2          }
  87   1          else if (Timer_judge(&Dail_Wait_time))
  88   1          {
  89   2              printf("对方未应答!\r\n");
  90   2              return 1;
  91   2          }
  92   1          return 0;
  93   1      }
  94          
  95          /***
  96           * @brief   等待重拨 转 号码输入
  97           * @date    2023-02-10
  98          */
  99          uint8 _FSM_tra_RedaW_Enter() 
 100          {
 101   1          if (key_board.button_na == Hang) {
 102   2              DyDigiTube_4x2_Hang(&dy_digital_tube);
 103   2              printf("你取消了重播计划!\r\n");
 104   2              return 1;
 105   2          }
 106   1          return 0;
 107   1      }
 108          
 109          /***
 110           * @brief   等待重拨 转 正在通话
 111           * @date    2023-02-10
 112          */
 113          uint8 _FSM_tra_RedaW_PutTh() 
 114          {
 115   1          if (uart_receive == 0x01) {
C51 COMPILER V9.57.0.0   FSM_TRANSITION                                                    02/10/2023 17:11:54 PAGE 3   

 116   2              uart_receive = 0xFF;
 117   2              return 1;
 118   2          }
 119   1          return 0;
 120   1      }
 121          
 122          /***
 123           * @brief   等待重拨 转 等待接通
 124           * @date    2023-02-10
 125          */
 126          uint8 _FSM_tra_RedaW_DailW()
 127          {
 128   1          if (key_board.button_na == Redial)
 129   1          {
 130   2              printf("正在重拨...\r\n");
 131   2              return 1;
 132   2          }
 133   1          else if (Timer_judge(&Redail_Cool_down)) {
 134   2              printf("正在重拨...\r\n");
 135   2              return 1;
 136   2          }
 137   1          return 0;
 138   1      }
 139          
 140          


MODULE INFORMATION:   STATIC OVERLAYABLE
   CODE SIZE        =    232    ----
   CONSTANT SIZE    =    181    ----
   XDATA SIZE       =   ----    ----
   PDATA SIZE       =   ----    ----
   DATA SIZE        =     18    ----
   IDATA SIZE       =   ----    ----
   BIT SIZE         =   ----    ----
END OF MODULE INFORMATION.


C51 COMPILATION COMPLETE.  0 WARNING(S),  0 ERROR(S)
