C51 COMPILER V9.57.0.0   ISR                                                               01/17/2023 20:01:43 PAGE 1   


C51 COMPILER V9.57.0.0, COMPILATION OF MODULE ISR
OBJECT MODULE PLACED IN .\Objects\isr.obj
COMPILER INVOKED BY: C:\Keil_v5\C51\BIN\C51.EXE ..\USER\src\isr.c OPTIMIZE(8,SPEED) BROWSE INCDIR(..\..\Libraries\librar
                    -ies;..\USER\inc;..\CODE) DEBUG OBJECTEXTEND PRINT(.\Listings\isr.lst) TABS(2) OBJECT(.\Objects\isr.obj)

line level    source

   1          #include "UART.h"
   2          #include <stdlib.h>
   3          
   4          sbit LED1 = P2^0;
   5          sbit LED2 = P2^1;
   6          sbit LED3 = P2^2;
   7          sbit LED4 = P2^3;
   8          
   9          void TM0_Isr() interrupt 1 {
  10   1        static uint16 i = 0;
  11   1        i += 10;
  12   1        if(i == 1000){
  13   2          i = 0;
  14   2          LED1 = !LED1;
  15   2          // SendByte('F');
  16   2        }
  17   1      }
  18          
  19          /***
  20           * @brief 只负责接收数据
  21           * @date  2023-01-17
  22          */
  23          void UART1_Routine(void) interrupt 4 {
  24   1          uint8 res;
  25   1          if(RI){ // receive
  26   2          RI = 0;
  27   2          res = SBUF;
  28   2        }
  29   1        putchar(res);
  30   1      }
  31          
  32          //void INT0_Routine(void) interrupt 0
  33          //void TM0_Rountine(void) interrupt 1
  34          //void INT1_Routine(void) interrupt 2
  35          //void TM1_Rountine(void) interrupt 3
  36          //void UART1_Routine(void) interrupt 4
  37          //void ADC_Routine(void) interrupt 5
  38          //void LVD_Routine(void) interrupt 6
  39          //void PCA_Routine(void) interrupt 7
  40          //void UART2_Routine(void) interrupt 8
  41          //void SPI_Routine(void) interrupt 9
  42          //void INT2_Routine(void) interrupt 10
  43          //void INT3_Routine(void) interrupt 11
  44          //void TM2_Routine(void) interrupt 12
  45          //void INT4_Routine(void) interrupt 16
  46          //void UART3_Routine(void) interrupt 17
  47          //void UART4_Routine(void) interrupt 18
  48          //void TM3_Routine(void) interrupt 19
  49          //void TM4_Routine(void) interrupt 20
  50          //void CMP_Routine(void) interrupt 21
  51          //void PWM0_Routine(void) interrupt 22
  52          //void PWM0FD_Routine(void) interrupt 23
  53          //void I2C_Routine(void) interrupt 24
  54          //void PWM1_Routine(void) interrupt 28
C51 COMPILER V9.57.0.0   ISR                                                               01/17/2023 20:01:43 PAGE 2   

  55          //void PWM2_Routine(void) interrupt 29
  56          //void PWM3_Routine(void) interrupt 30
  57          //void PWM4_Routine(void) interrupt 31
  58          //void PWM5_Routine(void) interrupt 32
  59          //void PWM2FD_Routine(void) interrupt 33
  60          //void PWM4FD_Routine(void) interrupt 34
  61          //void TKSU_Routine(void) interrupt 35


MODULE INFORMATION:   STATIC OVERLAYABLE
   CODE SIZE        =    107    ----
   CONSTANT SIZE    =   ----    ----
   XDATA SIZE       =   ----    ----
   PDATA SIZE       =   ----    ----
   DATA SIZE        =      2       1
   IDATA SIZE       =   ----    ----
   BIT SIZE         =   ----    ----
END OF MODULE INFORMATION.


C51 COMPILATION COMPLETE.  0 WARNING(S),  0 ERROR(S)
