C51 COMPILER V9.57.0.0   TIMER                                                             02/10/2023 16:41:28 PAGE 1   


C51 COMPILER V9.57.0.0, COMPILATION OF MODULE TIMER
OBJECT MODULE PLACED IN .\Objects\Timer.obj
COMPILER INVOKED BY: C:\Keil_v5\C51\BIN\C51.EXE ..\CODE\Timer.c OPTIMIZE(8,SPEED) BROWSE INCDIR(..\..\Libraries\librarie
                    -s;..\USER\inc;..\CODE;..\..\Libraries\zxy_libraries) DEBUG OBJECTEXTEND PRINT(.\Listings\Timer.lst) TABS(2) OBJECT(.\Obj
                    -ects\Timer.obj)

line level    source

   1          #include "Timer.h"
   2          
   3          vuint32 SYStim = 0;
   4          
   5          uint8 Timer_init(Timer *const THIS, uint32 dur){
   6   1          THIS->last_time = SYStim;
   7   1          THIS->duration = dur;
   8   1          THIS->valid = 0;
   9   1          return 0;
  10   1      }
  11          
  12          uint8 Timer_judge(Timer *const THIS){
  13   1          if(SYStim - THIS->last_time >= THIS->duration) {
  14   2              THIS->last_time = SYStim;
  15   2              THIS->valid = 1;
  16   2          }
  17   1          else if(THIS->valid){
  18   2              THIS->valid = 0;
  19   2          }
  20   1          return THIS->valid;
  21   1      }
  22          
  23          void Timer_reset(Timer *const THIS)
  24          {
  25   1          THIS->last_time = SYStim;
  26   1          THIS->valid = 0;
  27   1      }


MODULE INFORMATION:   STATIC OVERLAYABLE
   CODE SIZE        =    164    ----
   CONSTANT SIZE    =   ----    ----
   XDATA SIZE       =   ----    ----
   PDATA SIZE       =   ----    ----
   DATA SIZE        =      4       7
   IDATA SIZE       =   ----    ----
   BIT SIZE         =   ----    ----
END OF MODULE INFORMATION.


C51 COMPILATION COMPLETE.  0 WARNING(S),  0 ERROR(S)
