C51 COMPILER V9.57.0.0   UART                                                              01/17/2023 19:27:38 PAGE 1   


C51 COMPILER V9.57.0.0, COMPILATION OF MODULE UART
OBJECT MODULE PLACED IN .\Objects\UART.obj
COMPILER INVOKED BY: C:\Keil_v5\C51\BIN\C51.EXE ..\CODE\UART.c OPTIMIZE(8,SPEED) BROWSE INCDIR(..\..\Libraries\libraries
                    -;..\USER\inc;..\CODE) DEBUG OBJECTEXTEND PRINT(.\Listings\UART.lst) TABS(2) OBJECT(.\Objects\UART.obj)

line level    source

   1          #include "UART.h"
   2          
   3          void UartInit(void)   //2400bps@12.000MHz
   4          {
   5   1        SCON = 0x50;    //8位数据,可变波特率
   6   1        TMOD &= 0x0F;   //设置定时器模式
   7   1        TMOD |= 0x20;   //设置定时器模式
   8   1        TL1 = 0xF3;     //设置定时初始值
   9   1        TH1 = 0xF3;     //设置定时重载值
  10   1        ET1 = 0;      //禁止定时器中断
  11   1        TR1 = 1;      //定时器1开始计时
  12   1      }
  13          
  14          
  15          void SendByte(uint8 dat){
  16   1        SBUF = dat;
  17   1        while(!TI);
  18   1        TI = 0;
  19   1      }


MODULE INFORMATION:   STATIC OVERLAYABLE
   CODE SIZE        =     28    ----
   CONSTANT SIZE    =   ----    ----
   XDATA SIZE       =   ----    ----
   PDATA SIZE       =   ----    ----
   DATA SIZE        =   ----    ----
   IDATA SIZE       =   ----    ----
   BIT SIZE         =   ----    ----
END OF MODULE INFORMATION.


C51 COMPILATION COMPLETE.  0 WARNING(S),  0 ERROR(S)
