C51 COMPILER V9.57.0.0   ZF_EXTI                                                           01/17/2023 13:14:24 PAGE 1   


C51 COMPILER V9.57.0.0, COMPILATION OF MODULE ZF_EXTI
OBJECT MODULE PLACED IN .\Objects\zf_exti.obj
COMPILER INVOKED BY: C:\Keil_v5\C51\BIN\C51.EXE ..\..\Libraries\seekfree_libraries\zf_exti.c OPTIMIZE(8,SPEED) BROWSE DE
                    -BUG OBJECTEXTEND PRINT(.\Listings\zf_exti.lst) TABS(2) OBJECT(.\Objects\zf_exti.obj)

line level    source

   1          /*********************************************************************************************************
             -************
   2           * COPYRIGHT NOTICE
   3           * Copyright (c) 2020,逐飞科技
   4           * All rights reserved.
   5           * 技术讨论QQ群：一群：179029047(已满)  二群：244861897(已满)  三群：824575535
   6           *
   7           * 以下所有内容版权均属逐飞科技所有，未经允许不得用于商业用途，
   8           * 欢迎各位使用并传播本程序，修改内容时必须保留逐飞科技的版权声明。
   9           *
  10           * @file          exti
  11           * @company       成都逐飞科技有限公司
  12           * @author        逐飞科技(QQ790875685)
  13           * @version       查看doc内version文件 版本说明
  14           * @Software    MDK FOR C51 V9.60
  15           * @Target core   STC8G2K64S4
  16           * @Taobao      https://seekfree.taobao.com/
  17           * @date          2020-4-14
  18           *********************************************************************************************************
             -***********/
  19          
  20          
  21          #include "zf_exti.h"
*** WARNING C318 IN LINE 23 OF ..\..\Libraries\seekfree_libraries\zf_exti.h: can't open file 'common.h'
  22          
  23          
  24          //--------------------------------------------------------------------------------------------------------
             ------------
  25          //  @brief      外部中断初始化
  26          //  @param      NULL              
  27          //  @return     void
  28          //  Sample usage:               exit_init(INT0_P32,BOTH) //初始化P32 作为外部中断引脚，双边沿触发。
  29          //--------------------------------------------------------------------------------------------------------
             ------------
  30          void exit_init(INTN_enum int_n,INT_MODE_enum mode)
  31          {
  32   1        if(INT0_P32 == int_n)
  33   1        {
  34   2          IT0 = mode;
*** ERROR C202 IN LINE 34 OF ..\..\Libraries\seekfree_libraries\zf_exti.c: 'IT0': undefined identifier
  35   2          EX0 = 1;    //使能INT0中断
*** ERROR C202 IN LINE 35 OF ..\..\Libraries\seekfree_libraries\zf_exti.c: 'EX0': undefined identifier
  36   2        }
  37   1      
  38   1        if(INT1_P33 == int_n)
  39   1        {
  40   2          IT1 = mode;
*** ERROR C202 IN LINE 40 OF ..\..\Libraries\seekfree_libraries\zf_exti.c: 'IT1': undefined identifier
  41   2          EX1 = 1;    //使能INT1中断
*** ERROR C202 IN LINE 41 OF ..\..\Libraries\seekfree_libraries\zf_exti.c: 'EX1': undefined identifier
  42   2        }
  43   1        
  44   1        if(INT2_P36 == int_n)
  45   1        {
C51 COMPILER V9.57.0.0   ZF_EXTI                                                           01/17/2023 13:14:24 PAGE 2   

  46   2          INTCLKO |= 1<<4;  //使能INT2中断
*** ERROR C202 IN LINE 46 OF ..\..\Libraries\seekfree_libraries\zf_exti.c: 'INTCLKO': undefined identifier
  47   2        }
  48   1        
  49   1        if(INT3_P37 == int_n)
  50   1        {
  51   2          INTCLKO |= 1<<5;  //使能INT3中断
*** ERROR C202 IN LINE 51 OF ..\..\Libraries\seekfree_libraries\zf_exti.c: 'INTCLKO': undefined identifier
  52   2        }
  53   1        
  54   1        if(INT4_P30 == int_n)
  55   1        {
  56   2          INTCLKO |= 1<<6;  //使能INT4中断
*** ERROR C202 IN LINE 56 OF ..\..\Libraries\seekfree_libraries\zf_exti.c: 'INTCLKO': undefined identifier
  57   2        }
  58   1      
  59   1      }

C51 COMPILATION COMPLETE.  1 WARNING(S),  7 ERROR(S)
