C51 COMPILER V9.57.0.0   ZF_MDU16                                                          01/17/2023 13:13:28 PAGE 1   


C51 COMPILER V9.57.0.0, COMPILATION OF MODULE ZF_MDU16
OBJECT MODULE PLACED IN .\Objects\zf_mdu16.obj
COMPILER INVOKED BY: C:\Keil_v5\C51\BIN\C51.EXE ..\..\Libraries\seekfree_libraries\zf_mdu16.c OPTIMIZE(8,SPEED) BROWSE D
                    -EBUG OBJECTEXTEND PRINT(.\Listings\zf_mdu16.lst) TABS(2) OBJECT(.\Objects\zf_mdu16.obj)

line level    source

   1          /*********************************************************************************************************
             -************
   2           * COPYRIGHT NOTICE
   3           * Copyright (c) 2020,逐飞科技
   4           * All rights reserved.
   5           * 技术讨论QQ群：一群：179029047(已满)  二群：244861897(已满)  三群：824575535
   6           *
   7           * 以下所有内容版权均属逐飞科技所有，未经允许不得用于商业用途，
   8           * 欢迎各位使用并传播本程序，修改内容时必须保留逐飞科技的版权声明。
   9           *
  10           * @file          mdu16(16位硬件乘除法)
  11           * @company       成都逐飞科技有限公司
  12           * @author        逐飞科技(QQ790875685)
  13           * @version       查看doc内version文件 版本说明
  14           * @Software    MDK FOR C51 V9.60
  15           * @Target core   STC8H8K64S4
  16           * @Taobao      https://seekfree.taobao.com/
  17           * @date          2020-06-03
  18           *********************************************************************************************************
             -***********/
  19          #include "zf_mdu16.h"
*** WARNING C318 IN LINE 22 OF ..\..\Libraries\seekfree_libraries\zf_mdu16.h: can't open file 'common.h'
  20          
  21          


MODULE INFORMATION:   STATIC OVERLAYABLE
   CODE SIZE        =   ----    ----
   CONSTANT SIZE    =   ----    ----
   XDATA SIZE       =   ----    ----
   PDATA SIZE       =   ----    ----
   DATA SIZE        =   ----    ----
   IDATA SIZE       =   ----    ----
   BIT SIZE         =   ----    ----
END OF MODULE INFORMATION.


C51 COMPILATION COMPLETE.  1 WARNING(S),  0 ERROR(S)
