C51 COMPILER V9.57.0.0   ZF_PCA_DELAY                                                      01/17/2023 13:14:24 PAGE 1   


C51 COMPILER V9.57.0.0, COMPILATION OF MODULE ZF_PCA_DELAY
OBJECT MODULE PLACED IN .\Objects\zf_pca_delay.obj
COMPILER INVOKED BY: C:\Keil_v5\C51\BIN\C51.EXE ..\..\Libraries\seekfree_libraries\zf_pca_delay.c OPTIMIZE(8,SPEED) BROW
                    -SE DEBUG OBJECTEXTEND PRINT(.\Listings\zf_pca_delay.lst) TABS(2) OBJECT(.\Objects\zf_pca_delay.obj)

line level    source

   1          /*********************************************************************************************************
             -************
   2           * COPYRIGHT NOTICE
   3           * Copyright (c) 2020,逐飞科技
   4           * All rights reserved.
   5           * 技术讨论QQ群：一群：179029047(已满)  二群：244861897(已满)  三群：824575535
   6           *
   7           * 以下所有内容版权均属逐飞科技所有，未经允许不得用于商业用途，
   8           * 欢迎各位使用并传播本程序，修改内容时必须保留逐飞科技的版权声明。
   9           *
  10           * @file          delay
  11           * @company       成都逐飞科技有限公司
  12           * @author        逐飞科技(QQ790875685)
  13           * @version       查看doc内version文件 版本说明
  14           * @Software    MDK FOR C51 V9.60
  15           * @Target core   STC8G2K64S4
  16           * @Taobao      https://seekfree.taobao.com/
  17           * @date          2020-4-14
  18           *********************************************************************************************************
             -***********/
  19          
  20          #include "zf_pca_delay.h"
*** WARNING C318 IN LINE 22 OF ..\..\Libraries\seekfree_libraries\zf_pca_delay.h: can't open file 'common.h'
*** ERROR C141 IN LINE 28 OF ..\..\Libraries\seekfree_libraries\zf_pca_delay.h: syntax error near 'ms', expected ')'
  21          #include "board.h"
*** WARNING C318 IN LINE 21 OF ..\..\Libraries\seekfree_libraries\zf_pca_delay.c: can't open file 'board.h'
  22          
  23          uint16 pca_delay_1ms = 0;
*** ERROR C129 IN LINE 23 OF ..\..\Libraries\seekfree_libraries\zf_pca_delay.c: missing ';' before 'pca_delay_1ms'
  24          //--------------------------------------------------------------------------------------------------------
             ------------
  25          //  @brief      pca延时初始化（使用pca_2模块）
  26          //  @param      NULL              
  27          //  @return     void
  28          //  Sample usage:               无需用户调用，用户请使用h文件中的宏定义
  29          //--------------------------------------------------------------------------------------------------------
             ------------
  30          void pca_dealy_init(void)
  31          {
  32            pca_delay_1ms = ((sys_clk) / (12 * 1000));
  33            CCAPM2 = 0x48;  //PCA_2作为软件延时
  34            CMOD = 0X00;  //频率=FSOC/12
  35            CR = 1;     //启动计数
  36          }
  37          //--------------------------------------------------------------------------------------------------------
             ------------
  38          //  @brief      内部使用用户无需关心
  39          //  @param      NULL              
  40          //  @return     void
  41          //  Sample usage:               无需用户调用，用户请使用h文件中的宏定义
  42          //--------------------------------------------------------------------------------------------------------
             ------------
  43          void pca_delay(void)
  44          {
C51 COMPILER V9.57.0.0   ZF_PCA_DELAY                                                      01/17/2023 13:14:24 PAGE 2   

  45            uint16 temp;
  46          
  47            temp = (CH<<8 | CL) + pca_delay_1ms;
  48            
  49            CCAP2L = temp;
  50            CCAP2H = (temp >> 8); 
  51            
  52            while(CCF2 == 0);
  53            CCF2 = 0;
  54          }
  55          
  56          //--------------------------------------------------------------------------------------------------------
             ------------
  57          //  @brief      pca延时函数
  58          //  @param      x             需要延时的时间（us）
  59          //  @return     void
  60          //  Sample usage:               无需用户调用，用户请使用h文件中的宏定义
  61          //--------------------------------------------------------------------------------------------------------
             ------------
  62          void pca_delay_ms(uint16 ms)
  63          {
  64            while(ms--) pca_delay();
  65          }

C51 COMPILATION COMPLETE.  2 WARNING(S),  2 ERROR(S)
